<?xml version="1.0" encoding="UTF-8"?>
<coverage generated="1662584645207" clover="3.2.0">
  <project timestamp="1662584645207" name="All files">
    <metrics statements="132" coveredstatements="115" conditionals="39" coveredconditionals="30" methods="27" coveredmethods="21" elements="198" coveredelements="166" complexity="0" loc="132" ncloc="132" packages="8" files="12" classes="12"/>
    <package name="src">
      <metrics statements="13" coveredstatements="12" conditionals="0" coveredconditionals="0" methods="2" coveredmethods="1"/>
      <file name="App.tsx" path="C:\Users\andre.souza\Documents\estudos\react-tdd\src\App.tsx">
        <metrics statements="13" coveredstatements="12" conditionals="0" coveredconditionals="0" methods="2" coveredmethods="1"/>
        <line num="1" count="1" type="stmt"/>
        <line num="2" count="1" type="stmt"/>
        <line num="3" count="1" type="stmt"/>
        <line num="4" count="1" type="stmt"/>
        <line num="5" count="1" type="stmt"/>
        <line num="6" count="1" type="stmt"/>
        <line num="8" count="1" type="stmt"/>
        <line num="9" count="1" type="stmt"/>
        <line num="12" count="25" type="stmt"/>
        <line num="14" count="24" type="stmt"/>
        <line num="15" count="0" type="stmt"/>
        <line num="18" count="24" type="stmt"/>
        <line num="27" count="1" type="stmt"/>
      </file>
    </package>
    <package name="src.Pages.ActivationPage">
      <metrics statements="13" coveredstatements="13" conditionals="2" coveredconditionals="2" methods="3" coveredmethods="3"/>
      <file name="index.tsx" path="C:\Users\andre.souza\Documents\estudos\react-tdd\src\Pages\ActivationPage\index.tsx">
        <metrics statements="13" coveredstatements="13" conditionals="2" coveredconditionals="2" methods="3" coveredmethods="3"/>
        <line num="1" count="2" type="stmt"/>
        <line num="2" count="2" type="stmt"/>
        <line num="3" count="2" type="stmt"/>
        <line num="5" count="2" type="stmt"/>
        <line num="6" count="12" type="stmt"/>
        <line num="7" count="10" type="stmt"/>
        <line num="10" count="8" type="stmt"/>
        <line num="11" count="8" type="stmt"/>
        <line num="12" count="7" type="stmt"/>
        <line num="14" count="1" type="stmt"/>
        <line num="18" count="10" type="stmt"/>
        <line num="19" count="8" type="stmt"/>
        <line num="22" count="10" type="stmt"/>
      </file>
    </package>
    <package name="src.Pages.HomePage">
      <metrics statements="2" coveredstatements="2" conditionals="0" coveredconditionals="0" methods="1" coveredmethods="1"/>
      <file name="index.tsx" path="C:\Users\andre.souza\Documents\estudos\react-tdd\src\Pages\HomePage\index.tsx">
        <metrics statements="2" coveredstatements="2" conditionals="0" coveredconditionals="0" methods="1" coveredmethods="1"/>
        <line num="3" count="1" type="stmt"/>
        <line num="4" count="10" type="stmt"/>
      </file>
    </package>
    <package name="src.Pages.LoginPage">
      <metrics statements="2" coveredstatements="2" conditionals="0" coveredconditionals="0" methods="1" coveredmethods="1"/>
      <file name="index.tsx" path="C:\Users\andre.souza\Documents\estudos\react-tdd\src\Pages\LoginPage\index.tsx">
        <metrics statements="2" coveredstatements="2" conditionals="0" coveredconditionals="0" methods="1" coveredmethods="1"/>
        <line num="3" count="1" type="stmt"/>
        <line num="4" count="6" type="stmt"/>
      </file>
    </package>
    <package name="src.Pages.SignUp">
      <metrics statements="47" coveredstatements="46" conditionals="24" coveredconditionals="23" methods="7" coveredmethods="7"/>
      <file name="index.tsx" path="C:\Users\andre.souza\Documents\estudos\react-tdd\src\Pages\SignUp\index.tsx">
        <metrics statements="47" coveredstatements="46" conditionals="24" coveredconditionals="23" methods="7" coveredmethods="7"/>
        <line num="1" count="2" type="stmt"/>
        <line num="9" count="2" type="stmt"/>
        <line num="11" count="2" type="stmt"/>
        <line num="12" count="2" type="stmt"/>
        <line num="20" count="2" type="stmt"/>
        <line num="21" count="539" type="stmt"/>
        <line num="22" count="539" type="stmt"/>
        <line num="29" count="539" type="stmt"/>
        <line num="31" count="539" type="stmt"/>
        <line num="32" count="539" type="stmt"/>
        <line num="34" count="539" type="stmt"/>
        <line num="35" count="539" type="stmt"/>
        <line num="37" count="539" type="stmt"/>
        <line num="38" count="484" type="cond" truecount="1" falsecount="0"/>
        <line num="39" count="484" type="stmt"/>
        <line num="40" count="484" type="stmt"/>
        <line num="41" count="484" type="stmt"/>
        <line num="44" count="484" type="stmt"/>
        <line num="45" count="484" type="stmt"/>
        <line num="48" count="539" type="stmt"/>
        <line num="49" count="5" type="stmt"/>
        <line num="50" count="5" type="stmt"/>
        <line num="52" count="5" type="stmt"/>
        <line num="53" count="20" type="stmt"/>
        <line num="55" count="20" type="cond" truecount="2" falsecount="0"/>
        <line num="56" count="18" type="stmt"/>
        <line num="58" count="2" type="stmt"/>
        <line num="61" count="20" type="cond" truecount="2" falsecount="1"/>
        <line num="62" count="0" type="stmt"/>
        <line num="65" count="20" type="stmt"/>
        <line num="69" count="539" type="stmt"/>
        <line num="70" count="519" type="cond" truecount="2" falsecount="0"/>
        <line num="73" count="539" type="stmt"/>
        <line num="74" count="10" type="stmt"/>
        <line num="76" count="10" type="stmt"/>
        <line num="82" count="10" type="stmt"/>
        <line num="84" count="10" type="stmt"/>
        <line num="85" count="10" type="cond" truecount="1" falsecount="0"/>
        <line num="86" count="10" type="stmt"/>
        <line num="92" count="5" type="stmt"/>
        <line num="93" count="5" type="stmt"/>
        <line num="96" count="5" type="stmt"/>
        <line num="97" count="5" type="cond" truecount="1" falsecount="0"/>
        <line num="98" count="5" type="stmt"/>
        <line num="100" count="5" type="stmt"/>
        <line num="105" count="539" type="cond" truecount="2" falsecount="0"/>
        <line num="109" count="539" type="stmt"/>
      </file>
    </package>
    <package name="src.components">
      <metrics statements="24" coveredstatements="23" conditionals="5" coveredconditionals="5" methods="5" coveredmethods="5"/>
      <file name="Input.tsx" path="C:\Users\andre.souza\Documents\estudos\react-tdd\src\components\Input.tsx">
        <metrics statements="3" coveredstatements="3" conditionals="4" coveredconditionals="4" methods="1" coveredmethods="1"/>
        <line num="11" count="3" type="stmt"/>
        <line num="12" count="2139" type="cond" truecount="2" falsecount="0"/>
        <line num="14" count="2139" type="stmt"/>
      </file>
      <file name="LanguageSelector.tsx" path="C:\Users\andre.souza\Documents\estudos\react-tdd\src\components\LanguageSelector.tsx">
        <metrics statements="8" coveredstatements="7" conditionals="1" coveredconditionals="1" methods="2" coveredmethods="2"/>
        <line num="1" count="2" type="stmt"/>
        <line num="3" count="2" type="stmt"/>
        <line num="4" count="54" type="stmt"/>
        <line num="7" count="3" type="cond" truecount="1" falsecount="0"/>
        <line num="8" count="3" type="stmt"/>
        <line num="9" count="3" type="stmt"/>
        <line num="11" count="0" type="stmt"/>
        <line num="14" count="54" type="stmt"/>
      </file>
      <file name="Navbar.tsx" path="C:\Users\andre.souza\Documents\estudos\react-tdd\src\components\Navbar.tsx">
        <metrics statements="5" coveredstatements="5" conditionals="0" coveredconditionals="0" methods="1" coveredmethods="1"/>
        <line num="1" count="1" type="stmt"/>
        <line num="2" count="1" type="stmt"/>
        <line num="9" count="1" type="stmt"/>
        <line num="10" count="24" type="stmt"/>
        <line num="12" count="24" type="stmt"/>
      </file>
      <file name="Router.tsx" path="C:\Users\andre.souza\Documents\estudos\react-tdd\src\components\Router.tsx">
        <metrics statements="8" coveredstatements="8" conditionals="0" coveredconditionals="0" methods="1" coveredmethods="1"/>
        <line num="1" count="1" type="stmt"/>
        <line num="2" count="1" type="stmt"/>
        <line num="3" count="1" type="stmt"/>
        <line num="4" count="1" type="stmt"/>
        <line num="5" count="1" type="stmt"/>
        <line num="7" count="1" type="stmt"/>
        <line num="8" count="25" type="stmt"/>
        <line num="10" count="24" type="stmt"/>
      </file>
    </package>
    <package name="src.locale">
      <metrics statements="6" coveredstatements="6" conditionals="0" coveredconditionals="0" methods="0" coveredmethods="0"/>
      <file name="i18n.ts" path="C:\Users\andre.souza\Documents\estudos\react-tdd\src\locale\i18n.ts">
        <metrics statements="6" coveredstatements="6" conditionals="0" coveredconditionals="0" methods="0" coveredmethods="0"/>
        <line num="1" count="4" type="stmt"/>
        <line num="2" count="4" type="stmt"/>
        <line num="3" count="4" type="stmt"/>
        <line num="4" count="4" type="stmt"/>
        <line num="6" count="4" type="stmt"/>
        <line num="23" count="4" type="stmt"/>
      </file>
    </package>
    <package name="src.service">
      <metrics statements="25" coveredstatements="11" conditionals="8" coveredconditionals="0" methods="8" coveredmethods="3"/>
      <file name="api.ts" path="C:\Users\andre.souza\Documents\estudos\react-tdd\src\service\api.ts">
        <metrics statements="2" coveredstatements="2" conditionals="0" coveredconditionals="0" methods="0" coveredmethods="0"/>
        <line num="1" count="3" type="stmt"/>
        <line num="2" count="3" type="stmt"/>
      </file>
      <file name="server.ts" path="C:\Users\andre.souza\Documents\estudos\react-tdd\src\service\server.ts">
        <metrics statements="23" coveredstatements="9" conditionals="8" coveredconditionals="0" methods="8" coveredmethods="3"/>
        <line num="1" count="1" type="stmt"/>
        <line num="4" count="1" type="stmt"/>
        <line num="5" count="1" type="stmt"/>
        <line num="11" count="1" type="stmt"/>
        <line num="30" count="1" type="stmt"/>
        <line num="32" count="1" type="stmt"/>
        <line num="33" count="0" type="stmt"/>
        <line num="34" count="0" type="stmt"/>
        <line num="37" count="1" type="stmt"/>
        <line num="38" count="0" type="stmt"/>
        <line num="39" count="0" type="stmt"/>
        <line num="41" count="0" type="stmt"/>
        <line num="44" count="1" type="stmt"/>
        <line num="45" count="0" type="stmt"/>
        <line num="46" count="0" type="stmt"/>
        <line num="48" count="0" type="cond" truecount="0" falsecount="6"/>
        <line num="49" count="0" type="stmt"/>
        <line num="51" count="0" type="stmt"/>
        <line num="65" count="1" type="stmt"/>
        <line num="66" count="0" type="stmt"/>
        <line num="67" count="0" type="cond" truecount="0" falsecount="2"/>
        <line num="68" count="0" type="stmt"/>
        <line num="70" count="0" type="stmt"/>
      </file>
    </package>
  </project>
</coverage>
