{"C:\\Users\\andre.souza\\Documents\\estudos\\react-tdd\\src\\App.tsx": {"path":"C:\\Users\\andre.souza\\Documents\\estudos\\react-tdd\\src\\App.tsx","statementMap":{"0":{"start":{"line":1,"column":0},"end":{"line":1,"column":33}},"1":{"start":{"line":2,"column":0},"end":{"line":2,"column":33}},"2":{"start":{"line":3,"column":0},"end":{"line":3,"column":52}},"3":{"start":{"line":4,"column":0},"end":{"line":4,"column":65}},"4":{"start":{"line":5,"column":0},"end":{"line":5,"column":45}},"5":{"start":{"line":6,"column":0},"end":{"line":6,"column":45}},"6":{"start":{"line":8,"column":0},"end":{"line":8,"column":12}},"7":{"start":{"line":9,"column":0},"end":{"line":9,"column":19}},"8":{"start":{"line":12,"column":26},"end":{"line":12,"column":60}},"9":{"start":{"line":14,"column":21},"end":{"line":16,"column":3}},"10":{"start":{"line":15,"column":4},"end":{"line":15,"column":21}},"11":{"start":{"line":18,"column":2},"end":{"line":24,"column":4}},"12":{"start":{"line":27,"column":0},"end":{"line":27,"column":19}}},"fnMap":{"0":{"name":"App","decl":{"start":{"line":11,"column":9},"end":{"line":11,"column":12}},"loc":{"start":{"line":11,"column":12},"end":{"line":25,"column":1}}},"1":{"name":"(anonymous_2)","decl":{"start":{"line":14,"column":21},"end":{"line":14,"column":22}},"loc":{"start":{"line":14,"column":41},"end":{"line":16,"column":3}}}},"branchMap":{},"s":{"0":1,"1":1,"2":1,"3":1,"4":1,"5":1,"6":1,"7":1,"8":25,"9":24,"10":0,"11":24,"12":1},"f":{"0":25,"1":0},"b":{}}
,"C:\\Users\\andre.souza\\Documents\\estudos\\react-tdd\\src\\Pages\\ActivationPage\\index.tsx": {"path":"C:\\Users\\andre.souza\\Documents\\estudos\\react-tdd\\src\\Pages\\ActivationPage\\index.tsx","statementMap":{"0":{"start":{"line":1,"column":0},"end":{"line":1,"column":44}},"1":{"start":{"line":2,"column":0},"end":{"line":2,"column":45}},"2":{"start":{"line":3,"column":0},"end":{"line":3,"column":40}},"3":{"start":{"line":5,"column":30},"end":{"line":41,"column":1}},"4":{"start":{"line":6,"column":30},"end":{"line":6,"column":42}},"5":{"start":{"line":7,"column":20},"end":{"line":7,"column":31}},"6":{"start":{"line":10,"column":4},"end":{"line":15,"column":null}},"7":{"start":{"line":11,"column":6},"end":{"line":11,"column":46}},"8":{"start":{"line":12,"column":6},"end":{"line":12,"column":27}},"9":{"start":{"line":14,"column":6},"end":{"line":14,"column":25}},"10":{"start":{"line":18,"column":2},"end":{"line":20,"column":9}},"11":{"start":{"line":19,"column":4},"end":{"line":19,"column":16}},"12":{"start":{"line":22,"column":2},"end":{"line":40,"column":4}},"13":{"start":{"line":5,"column":13},"end":{"line":5,"column":30}}},"fnMap":{"0":{"name":"(anonymous_0)","decl":{"start":{"line":5,"column":30},"end":{"line":5,"column":33}},"loc":{"start":{"line":5,"column":35},"end":{"line":41,"column":1}}},"1":{"name":"sendToken","decl":{"start":{"line":9,"column":17},"end":{"line":9,"column":26}},"loc":{"start":{"line":9,"column":26},"end":{"line":16,"column":3}}},"2":{"name":"(anonymous_2)","decl":{"start":{"line":18,"column":12},"end":{"line":18,"column":15}},"loc":{"start":{"line":18,"column":17},"end":{"line":20,"column":3}}}},"branchMap":{"0":{"loc":{"start":{"line":24,"column":7},"end":{"line":37,"column":null}},"type":"cond-expr","locations":[{"start":{"line":25,"column":8},"end":{"line":27,"column":null}},{"start":{"line":32,"column":8},"end":{"line":34,"column":null}}]}},"s":{"0":2,"1":2,"2":2,"3":2,"4":12,"5":10,"6":8,"7":8,"8":7,"9":1,"10":10,"11":8,"12":10,"13":2},"f":{"0":12,"1":8,"2":8},"b":{"0":[2,8]}}
,"C:\\Users\\andre.souza\\Documents\\estudos\\react-tdd\\src\\Pages\\HomePage\\index.tsx": {"path":"C:\\Users\\andre.souza\\Documents\\estudos\\react-tdd\\src\\Pages\\HomePage\\index.tsx","statementMap":{"0":{"start":{"line":3,"column":34},"end":{"line":9,"column":1}},"1":{"start":{"line":4,"column":2},"end":{"line":8,"column":4}},"2":{"start":{"line":3,"column":13},"end":{"line":3,"column":34}}},"fnMap":{"0":{"name":"(anonymous_0)","decl":{"start":{"line":3,"column":34},"end":{"line":3,"column":37}},"loc":{"start":{"line":3,"column":39},"end":{"line":9,"column":1}}}},"branchMap":{},"s":{"0":1,"1":10,"2":1},"f":{"0":10},"b":{}}
,"C:\\Users\\andre.souza\\Documents\\estudos\\react-tdd\\src\\Pages\\LoginPage\\index.tsx": {"path":"C:\\Users\\andre.souza\\Documents\\estudos\\react-tdd\\src\\Pages\\LoginPage\\index.tsx","statementMap":{"0":{"start":{"line":3,"column":35},"end":{"line":9,"column":1}},"1":{"start":{"line":4,"column":2},"end":{"line":8,"column":4}},"2":{"start":{"line":3,"column":13},"end":{"line":3,"column":35}}},"fnMap":{"0":{"name":"(anonymous_0)","decl":{"start":{"line":3,"column":35},"end":{"line":3,"column":38}},"loc":{"start":{"line":3,"column":40},"end":{"line":9,"column":1}}}},"branchMap":{},"s":{"0":1,"1":6,"2":1},"f":{"0":6},"b":{}}
,"C:\\Users\\andre.souza\\Documents\\estudos\\react-tdd\\src\\Pages\\SignUp\\index.tsx": {"path":"C:\\Users\\andre.souza\\Documents\\estudos\\react-tdd\\src\\Pages\\SignUp\\index.tsx","statementMap":{"0":{"start":{"line":1,"column":0},"end":{"line":1,"column":null}},"1":{"start":{"line":9,"column":0},"end":{"line":9,"column":47}},"2":{"start":{"line":11,"column":0},"end":{"line":11,"column":40}},"3":{"start":{"line":12,"column":0},"end":{"line":12,"column":47}},"4":{"start":{"line":20,"column":26},"end":{"line":187,"column":1}},"5":{"start":{"line":21,"column":22},"end":{"line":21,"column":38}},"6":{"start":{"line":22,"column":38},"end":{"line":27,"column":4}},"7":{"start":{"line":29,"column":30},"end":{"line":29,"column":55}},"8":{"start":{"line":31,"column":32},"end":{"line":31,"column":47}},"9":{"start":{"line":32,"column":44},"end":{"line":32,"column":59}},"10":{"start":{"line":34,"column":22},"end":{"line":34,"column":39}},"11":{"start":{"line":35,"column":20},"end":{"line":35,"column":33}},"12":{"start":{"line":37,"column":29},"end":{"line":46,"column":3}},"13":{"start":{"line":38,"column":4},"end":{"line":42,"column":null}},"14":{"start":{"line":39,"column":28},"end":{"line":39,"column":43}},"15":{"start":{"line":40,"column":6},"end":{"line":40,"column":56}},"16":{"start":{"line":41,"column":6},"end":{"line":41,"column":50}},"17":{"start":{"line":44,"column":4},"end":{"line":44,"column":61}},"18":{"start":{"line":44,"column":29},"end":{"line":44,"column":58}},"19":{"start":{"line":45,"column":4},"end":{"line":45,"column":55}},"20":{"start":{"line":45,"column":25},"end":{"line":45,"column":52}},"21":{"start":{"line":48,"column":22},"end":{"line":67,"column":3}},"22":{"start":{"line":49,"column":30},"end":{"line":49,"column":60}},"23":{"start":{"line":50,"column":22},"end":{"line":50,"column":35}},"24":{"start":{"line":52,"column":4},"end":{"line":66,"column":null}},"25":{"start":{"line":53,"column":23},"end":{"line":53,"column":52}},"26":{"start":{"line":55,"column":6},"end":{"line":59,"column":null}},"27":{"start":{"line":56,"column":8},"end":{"line":56,"column":58}},"28":{"start":{"line":58,"column":8},"end":{"line":58,"column":69}},"29":{"start":{"line":61,"column":6},"end":{"line":63,"column":null}},"30":{"start":{"line":62,"column":8},"end":{"line":62,"column":67}},"31":{"start":{"line":65,"column":6},"end":{"line":65,"column":29}},"32":{"start":{"line":69,"column":24},"end":{"line":71,"column":18}},"33":{"start":{"line":70,"column":4},"end":{"line":70,"column":46}},"34":{"start":{"line":73,"column":19},"end":{"line":102,"column":3}},"35":{"start":{"line":74,"column":4},"end":{"line":74,"column":23}},"36":{"start":{"line":76,"column":17},"end":{"line":80,"column":6}},"37":{"start":{"line":82,"column":4},"end":{"line":82,"column":21}},"38":{"start":{"line":84,"column":4},"end":{"line":101,"column":null}},"39":{"start":{"line":85,"column":6},"end":{"line":94,"column":null}},"40":{"start":{"line":86,"column":8},"end":{"line":90,"column":11}},"41":{"start":{"line":92,"column":8},"end":{"line":92,"column":31}},"42":{"start":{"line":93,"column":8},"end":{"line":93,"column":22}},"43":{"start":{"line":96,"column":26},"end":{"line":96,"column":31}},"44":{"start":{"line":97,"column":6},"end":{"line":99,"column":null}},"45":{"start":{"line":98,"column":8},"end":{"line":98,"column":49}},"46":{"start":{"line":100,"column":6},"end":{"line":100,"column":24}},"47":{"start":{"line":105,"column":4},"end":{"line":107,"column":10}},"48":{"start":{"line":109,"column":2},"end":{"line":186,"column":4}},"49":{"start":{"line":20,"column":13},"end":{"line":20,"column":26}}},"fnMap":{"0":{"name":"(anonymous_0)","decl":{"start":{"line":20,"column":26},"end":{"line":20,"column":27}},"loc":{"start":{"line":20,"column":41},"end":{"line":187,"column":1}}},"1":{"name":"(anonymous_1)","decl":{"start":{"line":37,"column":29},"end":{"line":37,"column":30}},"loc":{"start":{"line":37,"column":78},"end":{"line":46,"column":3}}},"2":{"name":"(anonymous_2)","decl":{"start":{"line":44,"column":18},"end":{"line":44,"column":19}},"loc":{"start":{"line":44,"column":29},"end":{"line":44,"column":58}}},"3":{"name":"(anonymous_3)","decl":{"start":{"line":45,"column":14},"end":{"line":45,"column":15}},"loc":{"start":{"line":45,"column":25},"end":{"line":45,"column":52}}},"4":{"name":"(anonymous_4)","decl":{"start":{"line":48,"column":22},"end":{"line":48,"column":23}},"loc":{"start":{"line":48,"column":36},"end":{"line":67,"column":3}}},"5":{"name":"(anonymous_5)","decl":{"start":{"line":69,"column":32},"end":{"line":69,"column":35}},"loc":{"start":{"line":69,"column":37},"end":{"line":71,"column":3}}},"6":{"name":"(anonymous_6)","decl":{"start":{"line":73,"column":19},"end":{"line":73,"column":24}},"loc":{"start":{"line":73,"column":59},"end":{"line":102,"column":3}}}},"branchMap":{"0":{"loc":{"start":{"line":38,"column":4},"end":{"line":42,"column":null}},"type":"if","locations":[{"start":{"line":38,"column":4},"end":{"line":42,"column":null}}]},"1":{"loc":{"start":{"line":55,"column":6},"end":{"line":59,"column":null}},"type":"if","locations":[{"start":{"line":55,"column":6},"end":{"line":59,"column":null}},{"start":{"line":57,"column":13},"end":{"line":59,"column":null}}]},"2":{"loc":{"start":{"line":61,"column":6},"end":{"line":63,"column":null}},"type":"if","locations":[{"start":{"line":61,"column":6},"end":{"line":63,"column":null}}]},"3":{"loc":{"start":{"line":61,"column":10},"end":{"line":61,"column":54}},"type":"binary-expr","locations":[{"start":{"line":61,"column":10},"end":{"line":61,"column":33}},{"start":{"line":61,"column":37},"end":{"line":61,"column":54}}]},"4":{"loc":{"start":{"line":70,"column":11},"end":{"line":70,"column":45}},"type":"cond-expr","locations":[{"start":{"line":70,"column":33},"end":{"line":70,"column":38}},{"start":{"line":70,"column":41},"end":{"line":70,"column":45}}]},"5":{"loc":{"start":{"line":85,"column":6},"end":{"line":94,"column":null}},"type":"if","locations":[{"start":{"line":85,"column":6},"end":{"line":94,"column":null}}]},"6":{"loc":{"start":{"line":97,"column":6},"end":{"line":99,"column":null}},"type":"if","locations":[{"start":{"line":97,"column":6},"end":{"line":99,"column":null}}]},"7":{"loc":{"start":{"line":105,"column":4},"end":{"line":107,"column":10}},"type":"cond-expr","locations":[{"start":{"line":106,"column":8},"end":{"line":106,"column":30}},{"start":{"line":107,"column":8},"end":{"line":107,"column":10}}]},"8":{"loc":{"start":{"line":115,"column":9},"end":{"line":173,"column":null}},"type":"binary-expr","locations":[{"start":{"line":115,"column":9},"end":{"line":115,"column":23}},{"start":{"line":116,"column":10},"end":{"line":172,"column":null}}]},"9":{"loc":{"start":{"line":157,"column":18},"end":{"line":159,"column":30}},"type":"cond-expr","locations":[{"start":{"line":158,"column":22},"end":{"line":158,"column":50}},{"start":{"line":159,"column":22},"end":{"line":159,"column":30}}]},"10":{"loc":{"start":{"line":157,"column":18},"end":{"line":157,"column":42}},"type":"binary-expr","locations":[{"start":{"line":157,"column":18},"end":{"line":157,"column":31}},{"start":{"line":157,"column":35},"end":{"line":157,"column":42}}]},"11":{"loc":{"start":{"line":161,"column":26},"end":{"line":161,"column":50}},"type":"binary-expr","locations":[{"start":{"line":161,"column":26},"end":{"line":161,"column":39}},{"start":{"line":161,"column":43},"end":{"line":161,"column":50}}]},"12":{"loc":{"start":{"line":164,"column":17},"end":{"line":168,"column":null}},"type":"binary-expr","locations":[{"start":{"line":164,"column":17},"end":{"line":164,"column":24}},{"start":{"line":165,"column":18},"end":{"line":167,"column":null}}]},"13":{"loc":{"start":{"line":176,"column":9},"end":{"line":182,"column":null}},"type":"binary-expr","locations":[{"start":{"line":176,"column":9},"end":{"line":176,"column":22}},{"start":{"line":177,"column":10},"end":{"line":179,"column":null}}]}},"s":{"0":2,"1":2,"2":2,"3":2,"4":2,"5":539,"6":539,"7":539,"8":539,"9":539,"10":539,"11":539,"12":539,"13":484,"14":484,"15":484,"16":484,"17":484,"18":484,"19":484,"20":484,"21":539,"22":5,"23":5,"24":5,"25":20,"26":20,"27":18,"28":2,"29":20,"30":0,"31":20,"32":539,"33":519,"34":539,"35":10,"36":10,"37":10,"38":10,"39":10,"40":10,"41":5,"42":5,"43":5,"44":5,"45":5,"46":5,"47":539,"48":539,"49":2},"f":{"0":539,"1":484,"2":484,"3":484,"4":5,"5":519,"6":10},"b":{"0":[484],"1":[18,2],"2":[0],"3":[20,5],"4":[213,306],"5":[10],"6":[5],"7":[184,355],"8":[539,534],"9":[316,218],"10":[534,228],"11":[534,228],"12":[534,10],"13":[539,5]}}
,"C:\\Users\\andre.souza\\Documents\\estudos\\react-tdd\\src\\components\\Input.tsx": {"path":"C:\\Users\\andre.souza\\Documents\\estudos\\react-tdd\\src\\components\\Input.tsx","statementMap":{"0":{"start":{"line":12,"column":21},"end":{"line":12,"column":65}},"1":{"start":{"line":14,"column":2},"end":{"line":27,"column":4}},"2":{"start":{"line":11,"column":0},"end":{"line":11,"column":16}}},"fnMap":{"0":{"name":"Input","decl":{"start":{"line":11,"column":16},"end":{"line":11,"column":21}},"loc":{"start":{"line":11,"column":76},"end":{"line":28,"column":1}}}},"branchMap":{"0":{"loc":{"start":{"line":12,"column":21},"end":{"line":12,"column":65}},"type":"cond-expr","locations":[{"start":{"line":12,"column":36},"end":{"line":12,"column":55}},{"start":{"line":12,"column":58},"end":{"line":12,"column":65}}]},"1":{"loc":{"start":{"line":25,"column":7},"end":{"line":25,"column":68}},"type":"binary-expr","locations":[{"start":{"line":25,"column":7},"end":{"line":25,"column":19}},{"start":{"line":25,"column":23},"end":{"line":25,"column":68}}]}},"s":{"0":2139,"1":2139,"2":3},"f":{"0":2139},"b":{"0":[188,1951],"1":[2139,188]}}
,"C:\\Users\\andre.souza\\Documents\\estudos\\react-tdd\\src\\components\\LanguageSelector.tsx": {"path":"C:\\Users\\andre.souza\\Documents\\estudos\\react-tdd\\src\\components\\LanguageSelector.tsx","statementMap":{"0":{"start":{"line":1,"column":0},"end":{"line":1,"column":47}},"1":{"start":{"line":3,"column":32},"end":{"line":33,"column":1}},"2":{"start":{"line":4,"column":19},"end":{"line":4,"column":35}},"3":{"start":{"line":7,"column":4},"end":{"line":10,"column":null}},"4":{"start":{"line":8,"column":6},"end":{"line":8,"column":32}},"5":{"start":{"line":9,"column":6},"end":{"line":9,"column":13}},"6":{"start":{"line":11,"column":4},"end":{"line":11,"column":30}},"7":{"start":{"line":14,"column":2},"end":{"line":32,"column":4}},"8":{"start":{"line":3,"column":13},"end":{"line":3,"column":32}}},"fnMap":{"0":{"name":"(anonymous_0)","decl":{"start":{"line":3,"column":32},"end":{"line":3,"column":35}},"loc":{"start":{"line":3,"column":37},"end":{"line":33,"column":1}}},"1":{"name":"toggleLanguage","decl":{"start":{"line":6,"column":11},"end":{"line":6,"column":25}},"loc":{"start":{"line":6,"column":25},"end":{"line":12,"column":3}}}},"branchMap":{"0":{"loc":{"start":{"line":7,"column":4},"end":{"line":10,"column":null}},"type":"if","locations":[{"start":{"line":7,"column":4},"end":{"line":10,"column":null}}]}},"s":{"0":2,"1":2,"2":54,"3":3,"4":3,"5":3,"6":0,"7":54,"8":2},"f":{"0":54,"1":3},"b":{"0":[3]}}
,"C:\\Users\\andre.souza\\Documents\\estudos\\react-tdd\\src\\components\\Navbar.tsx": {"path":"C:\\Users\\andre.souza\\Documents\\estudos\\react-tdd\\src\\components\\Navbar.tsx","statementMap":{"0":{"start":{"line":1,"column":0},"end":{"line":1,"column":47}},"1":{"start":{"line":2,"column":0},"end":{"line":2,"column":40}},"2":{"start":{"line":9,"column":22},"end":{"line":48,"column":1}},"3":{"start":{"line":10,"column":16},"end":{"line":10,"column":32}},"4":{"start":{"line":12,"column":2},"end":{"line":47,"column":4}},"5":{"start":{"line":9,"column":13},"end":{"line":9,"column":22}}},"fnMap":{"0":{"name":"(anonymous_0)","decl":{"start":{"line":9,"column":22},"end":{"line":9,"column":23}},"loc":{"start":{"line":9,"column":54},"end":{"line":48,"column":1}}}},"branchMap":{},"s":{"0":1,"1":1,"2":1,"3":24,"4":24,"5":1},"f":{"0":24},"b":{}}
,"C:\\Users\\andre.souza\\Documents\\estudos\\react-tdd\\src\\components\\Router.tsx": {"path":"C:\\Users\\andre.souza\\Documents\\estudos\\react-tdd\\src\\components\\Router.tsx","statementMap":{"0":{"start":{"line":1,"column":0},"end":{"line":1,"column":60}},"1":{"start":{"line":2,"column":0},"end":{"line":2,"column":57}},"2":{"start":{"line":3,"column":0},"end":{"line":3,"column":45}},"3":{"start":{"line":4,"column":0},"end":{"line":4,"column":47}},"4":{"start":{"line":5,"column":0},"end":{"line":5,"column":45}},"5":{"start":{"line":7,"column":22},"end":{"line":18,"column":1}},"6":{"start":{"line":8,"column":20},"end":{"line":8,"column":31}},"7":{"start":{"line":10,"column":2},"end":{"line":17,"column":4}},"8":{"start":{"line":7,"column":13},"end":{"line":7,"column":22}}},"fnMap":{"0":{"name":"(anonymous_0)","decl":{"start":{"line":7,"column":22},"end":{"line":7,"column":25}},"loc":{"start":{"line":7,"column":27},"end":{"line":18,"column":1}}}},"branchMap":{},"s":{"0":1,"1":1,"2":1,"3":1,"4":1,"5":1,"6":25,"7":24,"8":1},"f":{"0":25},"b":{}}
,"C:\\Users\\andre.souza\\Documents\\estudos\\react-tdd\\src\\locale\\i18n.ts": {"path":"C:\\Users\\andre.souza\\Documents\\estudos\\react-tdd\\src\\locale\\i18n.ts","statementMap":{"0":{"start":{"line":1,"column":0},"end":{"line":1,"column":27}},"1":{"start":{"line":2,"column":0},"end":{"line":2,"column":49}},"2":{"start":{"line":3,"column":0},"end":{"line":3,"column":27}},"3":{"start":{"line":4,"column":0},"end":{"line":4,"column":30}},"4":{"start":{"line":6,"column":0},"end":{"line":21,"column":3}},"5":{"start":{"line":23,"column":0},"end":{"line":23,"column":20}}},"fnMap":{},"branchMap":{},"s":{"0":4,"1":4,"2":4,"3":4,"4":4,"5":4},"f":{},"b":{}}
,"C:\\Users\\andre.souza\\Documents\\estudos\\react-tdd\\src\\service\\api.ts": {"path":"C:\\Users\\andre.souza\\Documents\\estudos\\react-tdd\\src\\service\\api.ts","statementMap":{"0":{"start":{"line":1,"column":0},"end":{"line":1,"column":26}},"1":{"start":{"line":2,"column":13},"end":{"line":4,"column":3}}},"fnMap":{},"branchMap":{},"s":{"0":3,"1":3},"f":{},"b":{}}
,"C:\\Users\\andre.souza\\Documents\\estudos\\react-tdd\\src\\service\\server.ts": {"path":"C:\\Users\\andre.souza\\Documents\\estudos\\react-tdd\\src\\service\\server.ts","statementMap":{"0":{"start":{"line":1,"column":0},"end":{"line":1,"column":57}},"1":{"start":{"line":5,"column":2},"end":{"line":80,"column":5}},"2":{"start":{"line":11,"column":6},"end":{"line":26,"column":9}},"3":{"start":{"line":30,"column":6},"end":{"line":30,"column":29}},"4":{"start":{"line":32,"column":6},"end":{"line":35,"column":9}},"5":{"start":{"line":33,"column":21},"end":{"line":33,"column":44}},"6":{"start":{"line":34,"column":8},"end":{"line":34,"column":20}},"7":{"start":{"line":37,"column":6},"end":{"line":42,"column":9}},"8":{"start":{"line":38,"column":21},"end":{"line":40,"column":12}},"9":{"start":{"line":39,"column":27},"end":{"line":39,"column":68}},"10":{"start":{"line":41,"column":8},"end":{"line":41,"column":20}},"11":{"start":{"line":44,"column":6},"end":{"line":63,"column":9}},"12":{"start":{"line":45,"column":19},"end":{"line":45,"column":50}},"13":{"start":{"line":46,"column":46},"end":{"line":46,"column":50}},"14":{"start":{"line":48,"column":8},"end":{"line":62,"column":null}},"15":{"start":{"line":49,"column":10},"end":{"line":49,"column":46}},"16":{"start":{"line":51,"column":10},"end":{"line":61,"column":12}},"17":{"start":{"line":65,"column":6},"end":{"line":78,"column":9}},"18":{"start":{"line":66,"column":26},"end":{"line":66,"column":40}},"19":{"start":{"line":67,"column":8},"end":{"line":77,"column":null}},"20":{"start":{"line":68,"column":10},"end":{"line":68,"column":35}},"21":{"start":{"line":70,"column":10},"end":{"line":76,"column":12}},"22":{"start":{"line":4,"column":0},"end":{"line":4,"column":16}}},"fnMap":{"0":{"name":"createMockServer","decl":{"start":{"line":4,"column":16},"end":{"line":4,"column":32}},"loc":{"start":{"line":4,"column":32},"end":{"line":81,"column":1}}},"1":{"name":"(anonymous_1)","decl":{"start":{"line":10,"column":4},"end":{"line":10,"column":9}},"loc":{"start":{"line":10,"column":16},"end":{"line":27,"column":5}}},"2":{"name":"(anonymous_2)","decl":{"start":{"line":29,"column":4},"end":{"line":29,"column":10}},"loc":{"start":{"line":29,"column":10},"end":{"line":79,"column":5}}},"3":{"name":"(anonymous_3)","decl":{"start":{"line":32,"column":25},"end":{"line":32,"column":28}},"loc":{"start":{"line":32,"column":30},"end":{"line":35,"column":7}}},"4":{"name":"(anonymous_4)","decl":{"start":{"line":37,"column":35},"end":{"line":37,"column":36}},"loc":{"start":{"line":37,"column":55},"end":{"line":42,"column":7}}},"5":{"name":"(anonymous_5)","decl":{"start":{"line":39,"column":10},"end":{"line":39,"column":11}},"loc":{"start":{"line":39,"column":27},"end":{"line":39,"column":68}}},"6":{"name":"(anonymous_6)","decl":{"start":{"line":44,"column":26},"end":{"line":44,"column":27}},"loc":{"start":{"line":44,"column":46},"end":{"line":63,"column":7}}},"7":{"name":"(anonymous_7)","decl":{"start":{"line":65,"column":39},"end":{"line":65,"column":40}},"loc":{"start":{"line":65,"column":59},"end":{"line":78,"column":7}}}},"branchMap":{"0":{"loc":{"start":{"line":48,"column":8},"end":{"line":62,"column":null}},"type":"if","locations":[{"start":{"line":48,"column":8},"end":{"line":62,"column":null}},{"start":{"line":50,"column":15},"end":{"line":62,"column":null}}]},"1":{"loc":{"start":{"line":48,"column":12},"end":{"line":48,"column":64}},"type":"binary-expr","locations":[{"start":{"line":48,"column":12},"end":{"line":48,"column":20}},{"start":{"line":48,"column":24},"end":{"line":48,"column":29}},{"start":{"line":48,"column":33},"end":{"line":48,"column":41}},{"start":{"line":48,"column":45},"end":{"line":48,"column":64}}]},"2":{"loc":{"start":{"line":67,"column":8},"end":{"line":77,"column":null}},"type":"if","locations":[{"start":{"line":67,"column":8},"end":{"line":77,"column":null}},{"start":{"line":69,"column":15},"end":{"line":77,"column":null}}]}},"s":{"0":1,"1":1,"2":1,"3":1,"4":1,"5":0,"6":0,"7":1,"8":0,"9":0,"10":0,"11":1,"12":0,"13":0,"14":0,"15":0,"16":0,"17":1,"18":0,"19":0,"20":0,"21":0,"22":1},"f":{"0":1,"1":1,"2":1,"3":0,"4":0,"5":0,"6":0,"7":0},"b":{"0":[0,0],"1":[0,0,0,0],"2":[0,0]}}
}
