TN:
SF:src\App.tsx
FN:11,App
FN:14,(anonymous_2)
FNF:2
FNH:1
FNDA:25,App
FNDA:0,(anonymous_2)
DA:1,1
DA:2,1
DA:3,1
DA:4,1
DA:5,1
DA:6,1
DA:8,1
DA:9,1
DA:12,25
DA:14,24
DA:15,0
DA:18,24
DA:27,1
LF:13
LH:12
BRF:0
BRH:0
end_of_record
TN:
SF:src\Pages\ActivationPage\index.tsx
FN:5,(anonymous_0)
FN:9,sendToken
FN:18,(anonymous_2)
FNF:3
FNH:3
FNDA:12,(anonymous_0)
FNDA:8,sendToken
FNDA:8,(anonymous_2)
DA:1,2
DA:2,2
DA:3,2
DA:5,2
DA:6,12
DA:7,10
DA:10,8
DA:11,8
DA:12,7
DA:14,1
DA:18,10
DA:19,8
DA:22,10
LF:13
LH:13
BRDA:24,0,0,2
BRDA:24,0,1,8
BRF:2
BRH:2
end_of_record
TN:
SF:src\Pages\HomePage\index.tsx
FN:3,(anonymous_0)
FNF:1
FNH:1
FNDA:10,(anonymous_0)
DA:3,1
DA:4,10
LF:2
LH:2
BRF:0
BRH:0
end_of_record
TN:
SF:src\Pages\LoginPage\index.tsx
FN:3,(anonymous_0)
FNF:1
FNH:1
FNDA:6,(anonymous_0)
DA:3,1
DA:4,6
LF:2
LH:2
BRF:0
BRH:0
end_of_record
TN:
SF:src\Pages\SignUp\index.tsx
FN:20,(anonymous_0)
FN:37,(anonymous_1)
FN:44,(anonymous_2)
FN:45,(anonymous_3)
FN:48,(anonymous_4)
FN:69,(anonymous_5)
FN:73,(anonymous_6)
FNF:7
FNH:7
FNDA:539,(anonymous_0)
FNDA:484,(anonymous_1)
FNDA:484,(anonymous_2)
FNDA:484,(anonymous_3)
FNDA:5,(anonymous_4)
FNDA:519,(anonymous_5)
FNDA:10,(anonymous_6)
DA:1,2
DA:9,2
DA:11,2
DA:12,2
DA:20,2
DA:21,539
DA:22,539
DA:29,539
DA:31,539
DA:32,539
DA:34,539
DA:35,539
DA:37,539
DA:38,484
DA:39,484
DA:40,484
DA:41,484
DA:44,484
DA:45,484
DA:48,539
DA:49,5
DA:50,5
DA:52,5
DA:53,20
DA:55,20
DA:56,18
DA:58,2
DA:61,20
DA:62,0
DA:65,20
DA:69,539
DA:70,519
DA:73,539
DA:74,10
DA:76,10
DA:82,10
DA:84,10
DA:85,10
DA:86,10
DA:92,5
DA:93,5
DA:96,5
DA:97,5
DA:98,5
DA:100,5
DA:105,539
DA:109,539
LF:47
LH:46
BRDA:38,0,0,484
BRDA:55,1,0,18
BRDA:55,1,1,2
BRDA:61,2,0,0
BRDA:61,3,0,20
BRDA:61,3,1,5
BRDA:70,4,0,213
BRDA:70,4,1,306
BRDA:85,5,0,10
BRDA:97,6,0,5
BRDA:105,7,0,184
BRDA:105,7,1,355
BRDA:115,8,0,539
BRDA:115,8,1,534
BRDA:157,9,0,316
BRDA:157,9,1,218
BRDA:157,10,0,534
BRDA:157,10,1,228
BRDA:161,11,0,534
BRDA:161,11,1,228
BRDA:164,12,0,534
BRDA:164,12,1,10
BRDA:176,13,0,539
BRDA:176,13,1,5
BRF:24
BRH:23
end_of_record
TN:
SF:src\components\Input.tsx
FN:11,Input
FNF:1
FNH:1
FNDA:2139,Input
DA:11,3
DA:12,2139
DA:14,2139
LF:3
LH:3
BRDA:12,0,0,188
BRDA:12,0,1,1951
BRDA:25,1,0,2139
BRDA:25,1,1,188
BRF:4
BRH:4
end_of_record
TN:
SF:src\components\LanguageSelector.tsx
FN:3,(anonymous_0)
FN:6,toggleLanguage
FNF:2
FNH:2
FNDA:54,(anonymous_0)
FNDA:3,toggleLanguage
DA:1,2
DA:3,2
DA:4,54
DA:7,3
DA:8,3
DA:9,3
DA:11,0
DA:14,54
LF:8
LH:7
BRDA:7,0,0,3
BRF:1
BRH:1
end_of_record
TN:
SF:src\components\Navbar.tsx
FN:9,(anonymous_0)
FNF:1
FNH:1
FNDA:24,(anonymous_0)
DA:1,1
DA:2,1
DA:9,1
DA:10,24
DA:12,24
LF:5
LH:5
BRF:0
BRH:0
end_of_record
TN:
SF:src\components\Router.tsx
FN:7,(anonymous_0)
FNF:1
FNH:1
FNDA:25,(anonymous_0)
DA:1,1
DA:2,1
DA:3,1
DA:4,1
DA:5,1
DA:7,1
DA:8,25
DA:10,24
LF:8
LH:8
BRF:0
BRH:0
end_of_record
TN:
SF:src\locale\i18n.ts
FNF:0
FNH:0
DA:1,4
DA:2,4
DA:3,4
DA:4,4
DA:6,4
DA:23,4
LF:6
LH:6
BRF:0
BRH:0
end_of_record
TN:
SF:src\service\api.ts
FNF:0
FNH:0
DA:1,3
DA:2,3
LF:2
LH:2
BRF:0
BRH:0
end_of_record
TN:
SF:src\service\server.ts
FN:4,createMockServer
FN:10,(anonymous_1)
FN:29,(anonymous_2)
FN:32,(anonymous_3)
FN:37,(anonymous_4)
FN:39,(anonymous_5)
FN:44,(anonymous_6)
FN:65,(anonymous_7)
FNF:8
FNH:3
FNDA:1,createMockServer
FNDA:1,(anonymous_1)
FNDA:1,(anonymous_2)
FNDA:0,(anonymous_3)
FNDA:0,(anonymous_4)
FNDA:0,(anonymous_5)
FNDA:0,(anonymous_6)
FNDA:0,(anonymous_7)
DA:1,1
DA:4,1
DA:5,1
DA:11,1
DA:30,1
DA:32,1
DA:33,0
DA:34,0
DA:37,1
DA:38,0
DA:39,0
DA:41,0
DA:44,1
DA:45,0
DA:46,0
DA:48,0
DA:49,0
DA:51,0
DA:65,1
DA:66,0
DA:67,0
DA:68,0
DA:70,0
LF:23
LH:9
BRDA:48,0,0,0
BRDA:48,0,1,0
BRDA:48,1,0,0
BRDA:48,1,1,0
BRDA:48,1,2,0
BRDA:48,1,3,0
BRDA:67,2,0,0
BRDA:67,2,1,0
BRF:8
BRH:0
end_of_record
