TN:
SF:src\Pages\SignUp\index.tsx
FN:12,(anonymous_0)
FN:27,(anonymous_1)
FN:39,(anonymous_2)
FN:62,(anonymous_3)
FNF:4
FNH:4
FNDA:403,(anonymous_0)
FNDA:364,(anonymous_1)
FNDA:2,(anonymous_2)
FNDA:7,(anonymous_3)
DA:1,1
DA:2,1
DA:3,1
DA:4,1
DA:12,1
DA:13,403
DA:14,403
DA:15,403
DA:22,403
DA:24,403
DA:25,403
DA:27,403
DA:28,364
DA:29,364
DA:30,364
DA:31,364
DA:32,364
DA:34,364
DA:35,364
DA:39,403
DA:40,2
DA:41,2
DA:43,2
DA:44,8
DA:46,8
DA:47,6
DA:49,2
DA:52,8
DA:53,0
DA:56,8
DA:60,403
DA:62,403
DA:63,7
DA:65,7
DA:71,7
DA:73,7
DA:74,7
DA:75,7
DA:77,5
DA:78,5
DA:81,2
DA:82,2
DA:83,2
DA:85,2
DA:90,403
DA:94,403
LF:46
LH:45
BRDA:28,0,0,364
BRDA:46,1,0,6
BRDA:46,1,1,2
BRDA:52,2,0,0
BRDA:52,3,0,8
BRDA:52,3,1,2
BRDA:60,4,0,167
BRDA:60,4,1,236
BRDA:74,5,0,7
BRDA:82,6,0,2
BRDA:90,7,0,140
BRDA:90,7,1,263
BRDA:97,8,0,403
BRDA:97,8,1,398
BRDA:139,9,0,243
BRDA:139,9,1,155
BRDA:139,10,0,398
BRDA:139,10,1,162
BRDA:143,11,0,398
BRDA:143,11,1,162
BRDA:146,12,0,398
BRDA:146,12,1,7
BRDA:158,13,0,403
BRDA:158,13,1,5
BRF:24
BRH:23
end_of_record
TN:
SF:src\components\Input.tsx
FN:9,Input
FNF:1
FNH:1
FNDA:1595,Input
DA:9,2
DA:10,1595
DA:12,1595
LF:3
LH:3
BRDA:10,0,0,144
BRDA:10,0,1,1451
BRDA:23,1,0,1595
BRDA:23,1,1,144
BRF:4
BRH:4
end_of_record
TN:
SF:src\hooks\useAuth.ts
FN:4,(anonymous_0)
FN:5,getAllUsers
FN:10,getUser
FN:19,createUser
FN:29,login
FNF:5
FNH:1
FNDA:403,(anonymous_0)
FNDA:0,getAllUsers
FNDA:0,getUser
FNDA:0,createUser
FNDA:0,login
DA:2,1
DA:4,1
DA:6,0
DA:7,0
DA:11,0
DA:12,0
DA:13,0
DA:15,0
DA:16,0
DA:20,0
DA:21,0
DA:22,0
DA:24,0
DA:25,0
DA:26,0
DA:30,0
DA:32,0
DA:33,0
DA:37,403
LF:19
LH:3
BRDA:11,0,0,0
BRDA:20,1,0,0
BRDA:32,2,0,0
BRDA:32,3,0,0
BRDA:32,3,1,0
BRF:5
BRH:0
end_of_record
TN:
SF:src\service\api.ts
FNF:0
FNH:0
DA:1,1
DA:2,1
LF:2
LH:2
BRF:0
BRH:0
end_of_record
